<?xml version="1.0" encoding="UTF-8"?>
<!-- Generated by org.testng.reporters.JUnitXMLReporter -->
<testsuite ignored="0" hostname="DESKTOP-1USJVUT" failures="0" tests="4" name="Test" time="0.052" errors="0" timestamp="29 Jan 2022 16:00:13 GMT">
  <testcase classname="tests.LoginTest" name="@BeforeMethod beforeMethod" time="0.038">
    <failure type="java.lang.NullPointerException">
      <![CDATA[java.lang.NullPointerException
at pages.LoginPage.openLoginpage(LoginPage.java:59)
at tests.LoginTest.beforeMethod(LoginTest.java:23)
... Removed 27 stack frames]]>
    </failure>
  </testcase> <!-- @BeforeMethod beforeMethod -->
  <testcase classname="tests.LoginTest" name="@AfterMethod afterMethod" time="0.0">
    <skipped/>
  </testcase> <!-- @AfterMethod afterMethod -->
  <testcase classname="tests.LoginTest" name="@BeforeMethod beforeMethod" time="0.0">
    <skipped/>
  </testcase> <!-- @BeforeMethod beforeMethod -->
  <testcase classname="tests.LoginTest" name="@AfterMethod afterMethod" time="0.0">
    <skipped/>
  </testcase> <!-- @AfterMethod afterMethod -->
  <testcase classname="tests.LoginTest" name="@BeforeMethod beforeMethod" time="0.0">
    <skipped/>
  </testcase> <!-- @BeforeMethod beforeMethod -->
  <testcase classname="tests.LoginTest" name="@AfterMethod afterMethod" time="0.0">
    <skipped/>
  </testcase> <!-- @AfterMethod afterMethod -->
  <testcase classname="tests.LoginTest" name="@BeforeMethod beforeMethod" time="0.0">
    <skipped/>
  </testcase> <!-- @BeforeMethod beforeMethod -->
  <testcase classname="tests.LoginTest" name="@AfterMethod afterMethod" time="0.0">
    <skipped/>
  </testcase> <!-- @AfterMethod afterMethod -->
  <testcase classname="tests.LoginTest" name="loginwithwrongemailpass1" time="0.0">
    <skipped/>
  </testcase> <!-- loginwithwrongemailpass1 -->
  <testcase classname="tests.LoginTest" name="loginWithEmptyEmailTest" time="0.0">
    <skipped/>
  </testcase> <!-- loginWithEmptyEmailTest -->
  <testcase classname="tests.LoginTest" name="loginWithEmptyPasswordTest" time="0.0">
    <skipped/>
  </testcase> <!-- loginWithEmptyPasswordTest -->
  <testcase classname="tests.LoginTest" name="loginWithSpecialCharEmailTest" time="0.0">
    <skipped/>
  </testcase> <!-- loginWithSpecialCharEmailTest -->
</testsuite> <!-- Test -->
